d:\项目\learndirectx\learndirectx\x64\debug\vc145.pdb
d:\项目\learndirectx\learndirectx\x64\debug\vc145.idb
d:\项目\learndirectx\learndirectx\x64\debug\pbr_render.obj
d:\项目\learndirectx\x64\debug\assimp-vc145-mtd.dll
d:\项目\learndirectx\x64\debug\poly2tri.dll
d:\项目\learndirectx\x64\debug\minizip.dll
d:\项目\learndirectx\x64\debug\zlibd1.dll
d:\项目\learndirectx\x64\debug\kubazip.dll
d:\项目\learndirectx\x64\debug\pugixml.dll
d:\项目\learndirectx\x64\debug\learndirectx.exe
d:\项目\learndirectx\x64\debug\learndirectx.pdb
d:\项目\learndirectx\learndirectx\x64\debug\learndirectx.ilk
d:\项目\learndirectx\learndirectx\x64\debug\learndirectx.tlog\cl.command.1.tlog
d:\项目\learndirectx\learndirectx\x64\debug\learndirectx.tlog\cl.items.tlog
d:\项目\learndirectx\learndirectx\x64\debug\learndirectx.tlog\cl.read.1.tlog
d:\项目\learndirectx\learndirectx\x64\debug\learndirectx.tlog\cl.write.1.tlog
d:\项目\learndirectx\learndirectx\x64\debug\learndirectx.tlog\learndirectx.write.1u.tlog
d:\项目\learndirectx\learndirectx\x64\debug\learndirectx.tlog\link.command.1.tlog
d:\项目\learndirectx\learndirectx\x64\debug\learndirectx.tlog\link.read.1.tlog
d:\项目\learndirectx\learndirectx\x64\debug\learndirectx.tlog\link.secondary.1.tlog
d:\项目\learndirectx\learndirectx\x64\debug\learndirectx.tlog\link.write.1.tlog
